<?xml version="1.0" encoding="UTF-8"?>
<testng-results ignored="0" total="3" passed="3" failed="0" skipped="0">
  <reporter-output>
  </reporter-output>
  <suite started-at="2024-06-08T12:34:01 SGT" name="CrossBrowser" finished-at="2024-06-08T12:34:35 SGT" duration-ms="34706">
    <groups>
      <group name="Sanity">
        <method signature="LoginPageTest.loginTest(java.lang.String,java.lang.String)[pri:0, instance:testcases.LoginPageTest@77888435]" name="loginTest" class="testcases.LoginPageTest"/>
        <method signature="LoginPageTest.loginTest(java.lang.String,java.lang.String)[pri:0, instance:testcases.LoginPageTest@7586beff]" name="loginTest" class="testcases.LoginPageTest"/>
        <method signature="LoginPageTest.loginTest(java.lang.String,java.lang.String)[pri:0, instance:testcases.LoginPageTest@6150c3ec]" name="loginTest" class="testcases.LoginPageTest"/>
      </group> <!-- Sanity -->
      <group name="Smoke">
        <method signature="LoginPageTest.loginTest(java.lang.String,java.lang.String)[pri:0, instance:testcases.LoginPageTest@77888435]" name="loginTest" class="testcases.LoginPageTest"/>
        <method signature="LoginPageTest.loginTest(java.lang.String,java.lang.String)[pri:0, instance:testcases.LoginPageTest@7586beff]" name="loginTest" class="testcases.LoginPageTest"/>
        <method signature="LoginPageTest.loginTest(java.lang.String,java.lang.String)[pri:0, instance:testcases.LoginPageTest@6150c3ec]" name="loginTest" class="testcases.LoginPageTest"/>
      </group> <!-- Smoke -->
    </groups>
    <test started-at="2024-06-08T12:34:01 SGT" name="ChromeTest" finished-at="2024-06-08T12:34:14 SGT" duration-ms="13018">
      <class name="testcases.LoginPageTest">
        <test-method is-config="true" signature="setup(java.lang.String)[pri:0, instance:testcases.LoginPageTest@77888435]" started-at="2024-06-08T12:34:02 SGT" name="setup" finished-at="2024-06-08T12:34:08 SGT" duration-ms="6099" status="PASS">
          <params>
            <param index="0">
              <value>
                <![CDATA[Chrome]]>
              </value>
            </param>
          </params>
          <reporter-output>
          </reporter-output>
        </test-method> <!-- setup -->
        <test-method signature="loginTest(java.lang.String,java.lang.String)[pri:0, instance:testcases.LoginPageTest@77888435]" started-at="2024-06-08T12:34:08 SGT" name="loginTest" data-provider="credentials" finished-at="2024-06-08T12:34:12 SGT" duration-ms="3898" status="PASS">
          <params>
            <param index="0">
              <value>
                <![CDATA[admin]]>
              </value>
            </param>
            <param index="1">
              <value>
                <![CDATA[password]]>
              </value>
            </param>
          </params>
          <reporter-output>
          </reporter-output>
        </test-method> <!-- loginTest -->
        <test-method is-config="true" signature="tearDown()[pri:0, instance:testcases.LoginPageTest@77888435]" started-at="2024-06-08T12:34:12 SGT" name="tearDown" finished-at="2024-06-08T12:34:14 SGT" duration-ms="1333" status="PASS">
          <reporter-output>
          </reporter-output>
        </test-method> <!-- tearDown -->
      </class> <!-- testcases.LoginPageTest -->
    </test> <!-- ChromeTest -->
    <test started-at="2024-06-08T12:34:01 SGT" name="EdgeTest" finished-at="2024-06-08T12:34:20 SGT" duration-ms="19439">
      <class name="testcases.LoginPageTest">
        <test-method is-config="true" signature="loadConfig()[pri:0, instance:testcases.LoginPageTest@6150c3ec]" started-at="2024-06-08T12:34:00 SGT" name="loadConfig" finished-at="2024-06-08T12:34:01 SGT" duration-ms="449" status="PASS">
          <reporter-output>
          </reporter-output>
        </test-method> <!-- loadConfig -->
        <test-method is-config="true" signature="setup(java.lang.String)[pri:0, instance:testcases.LoginPageTest@6150c3ec]" started-at="2024-06-08T12:34:02 SGT" name="setup" finished-at="2024-06-08T12:34:14 SGT" duration-ms="12260" status="PASS">
          <params>
            <param index="0">
              <value>
                <![CDATA[edge]]>
              </value>
            </param>
          </params>
          <reporter-output>
          </reporter-output>
        </test-method> <!-- setup -->
        <test-method signature="loginTest(java.lang.String,java.lang.String)[pri:0, instance:testcases.LoginPageTest@6150c3ec]" started-at="2024-06-08T12:34:14 SGT" name="loginTest" data-provider="credentials" finished-at="2024-06-08T12:34:18 SGT" duration-ms="3645" status="PASS">
          <params>
            <param index="0">
              <value>
                <![CDATA[admin]]>
              </value>
            </param>
            <param index="1">
              <value>
                <![CDATA[password]]>
              </value>
            </param>
          </params>
          <reporter-output>
          </reporter-output>
        </test-method> <!-- loginTest -->
        <test-method is-config="true" signature="tearDown()[pri:0, instance:testcases.LoginPageTest@6150c3ec]" started-at="2024-06-08T12:34:18 SGT" name="tearDown" finished-at="2024-06-08T12:34:20 SGT" duration-ms="1863" status="PASS">
          <reporter-output>
          </reporter-output>
        </test-method> <!-- tearDown -->
        <test-method is-config="true" signature="afterSuite()[pri:0, instance:testcases.LoginPageTest@6150c3ec]" started-at="2024-06-08T12:34:35 SGT" name="afterSuite" finished-at="2024-06-08T12:34:36 SGT" duration-ms="524" status="PASS">
          <reporter-output>
          </reporter-output>
        </test-method> <!-- afterSuite -->
      </class> <!-- testcases.LoginPageTest -->
    </test> <!-- EdgeTest -->
    <test started-at="2024-06-08T12:34:01 SGT" name="FirefoxTest" finished-at="2024-06-08T12:34:35 SGT" duration-ms="34706">
      <class name="testcases.LoginPageTest">
        <test-method is-config="true" signature="setup(java.lang.String)[pri:0, instance:testcases.LoginPageTest@7586beff]" started-at="2024-06-08T12:34:02 SGT" name="setup" finished-at="2024-06-08T12:34:29 SGT" duration-ms="26813" status="PASS">
          <params>
            <param index="0">
              <value>
                <![CDATA[Firefox]]>
              </value>
            </param>
          </params>
          <reporter-output>
          </reporter-output>
        </test-method> <!-- setup -->
        <test-method signature="loginTest(java.lang.String,java.lang.String)[pri:0, instance:testcases.LoginPageTest@7586beff]" started-at="2024-06-08T12:34:29 SGT" name="loginTest" data-provider="credentials" finished-at="2024-06-08T12:34:33 SGT" duration-ms="3847" status="PASS">
          <params>
            <param index="0">
              <value>
                <![CDATA[admin]]>
              </value>
            </param>
            <param index="1">
              <value>
                <![CDATA[password]]>
              </value>
            </param>
          </params>
          <reporter-output>
          </reporter-output>
        </test-method> <!-- loginTest -->
        <test-method is-config="true" signature="tearDown()[pri:0, instance:testcases.LoginPageTest@7586beff]" started-at="2024-06-08T12:34:33 SGT" name="tearDown" finished-at="2024-06-08T12:34:35 SGT" duration-ms="2376" status="PASS">
          <reporter-output>
          </reporter-output>
        </test-method> <!-- tearDown -->
      </class> <!-- testcases.LoginPageTest -->
    </test> <!-- FirefoxTest -->
  </suite> <!-- CrossBrowser -->
</testng-results>
