<?xml version="1.0" encoding="UTF-8"?>
<!-- Generated by org.testng.reporters.JUnitXMLReporter -->
<testsuite ignored="8" hostname="DESKTOP-R92G0CB" failures="0" tests="10" name="Test" time="97.877" errors="0" timestamp="2024-06-08T12:27:46 SGT">
  <testcase classname="testcases.LoginPageTest" name="loginTest" time="3.574"/>
  <testcase classname="testcases.HomePageTest" name="clickBruteForcePageTest" time="4.13"/>
  <testcase classname="testcases.HomePageTest" name="clickCommandInjectionPageTest" time="3.894"/>
  <testcase classname="testcases.HomePageTest" name="clickDVWASecurityPageTest" time="3.318"/>
  <testcase classname="testcases.HomePageTest" name="clickInstructionsPageTest" time="4.83"/>
  <testcase classname="testcases.InstructionsPageTest" name="clickInstructionsPageTest" time="5.725"/>
  <testcase classname="testcases.BruteForcePageTest" name="LoginBruteForcePageTest" time="8.223"/>
  <testcase classname="testcases.BruteForcePageTest" name="LoginBruteForcePageTest" time="5.802"/>
  <testcase classname="testcases.BruteForcePageTest" name="LoginBruteForcePageTest" time="6.494"/>
  <testcase classname="testcases.DVWASecurityPageTest" name="SelectDVWASecurityLOWPageTest" time="3.824"/>
  <testcase classname="com.dvwa.base.base" name="@AfterSuite afterSuite" time="0.0">
    <ignored/>
  </testcase> <!-- @AfterSuite afterSuite -->
  <testcase classname="com.dvwa.base.base" name="@AfterSuite afterSuite" time="0.0">
    <ignored/>
  </testcase> <!-- @AfterSuite afterSuite -->
  <testcase classname="com.dvwa.base.base" name="@AfterSuite afterSuite" time="0.0">
    <ignored/>
  </testcase> <!-- @AfterSuite afterSuite -->
  <testcase classname="com.dvwa.base.base" name="@AfterSuite afterSuite" time="0.0">
    <ignored/>
  </testcase> <!-- @AfterSuite afterSuite -->
  <testcase classname="com.dvwa.base.base" name="@BeforeSuite loadConfig" time="0.0">
    <ignored/>
  </testcase> <!-- @BeforeSuite loadConfig -->
  <testcase classname="com.dvwa.base.base" name="@BeforeSuite loadConfig" time="0.0">
    <ignored/>
  </testcase> <!-- @BeforeSuite loadConfig -->
  <testcase classname="com.dvwa.base.base" name="@BeforeSuite loadConfig" time="0.0">
    <ignored/>
  </testcase> <!-- @BeforeSuite loadConfig -->
  <testcase classname="com.dvwa.base.base" name="@BeforeSuite loadConfig" time="0.0">
    <ignored/>
  </testcase> <!-- @BeforeSuite loadConfig -->
</testsuite> <!-- Test -->
